<?xml version="1.0" encoding="UTF-8"?>
<!-- Generated by org.testng.reporters.JUnitXMLReporter -->
<testsuite ignored="0" hostname="DESKTOP-6FM5GAH" failures="0" tests="3" name="Default test" time="0.079" errors="0" timestamp="2023-09-28T18:38:53 IST">
  <testcase classname="com.dataprovider.DataProviderTest" name="dataproviderPractice" time="0.007"/>
  <testcase classname="com.dataprovider.DataProviderTest" name="dataproviderPractice" time="0.002"/>
  <testcase classname="com.dataprovider.DataProviderTest" name="dataproviderPractice" time="0.002"/>
</testsuite> <!-- Default test -->
