<?xml version="1.0" encoding="UTF-8"?>
<testng-results ignored="0" total="3" passed="3" failed="0" skipped="0">
  <reporter-output>
  </reporter-output>
  <suite started-at="2023-09-28T18:38:53 IST" name="Default suite" finished-at="2023-09-28T18:38:53 IST" duration-ms="79">
    <groups>
    </groups>
    <test started-at="2023-09-28T18:38:53 IST" name="Default test" finished-at="2023-09-28T18:38:53 IST" duration-ms="79">
      <class name="com.dataprovider.DataProviderTest">
        <test-method signature="dataproviderPractice(java.lang.String,int)[pri:0, instance:com.dataprovider.DataProviderTest@7674f035]" started-at="2023-09-28T18:38:53 IST" name="dataproviderPractice" data-provider="phone" finished-at="2023-09-28T18:38:53 IST" duration-ms="7" status="PASS">
          <params>
            <param index="0">
              <value>
                <![CDATA[samsung]]>
              </value>
            </param>
            <param index="1">
              <value>
                <![CDATA[1200]]>
              </value>
            </param>
          </params>
          <reporter-output>
          </reporter-output>
        </test-method> <!-- dataproviderPractice -->
        <test-method signature="dataproviderPractice(java.lang.String,int)[pri:0, instance:com.dataprovider.DataProviderTest@7674f035]" started-at="2023-09-28T18:38:53 IST" name="dataproviderPractice" data-provider="phone" finished-at="2023-09-28T18:38:53 IST" duration-ms="2" status="PASS">
          <params>
            <param index="0">
              <value>
                <![CDATA[iphone]]>
              </value>
            </param>
            <param index="1">
              <value>
                <![CDATA[800]]>
              </value>
            </param>
          </params>
          <reporter-output>
          </reporter-output>
        </test-method> <!-- dataproviderPractice -->
        <test-method signature="dataproviderPractice(java.lang.String,int)[pri:0, instance:com.dataprovider.DataProviderTest@7674f035]" started-at="2023-09-28T18:38:53 IST" name="dataproviderPractice" data-provider="phone" finished-at="2023-09-28T18:38:53 IST" duration-ms="2" status="PASS">
          <params>
            <param index="0">
              <value>
                <![CDATA[Nokia]]>
              </value>
            </param>
            <param index="1">
              <value>
                <![CDATA[700]]>
              </value>
            </param>
          </params>
          <reporter-output>
          </reporter-output>
        </test-method> <!-- dataproviderPractice -->
      </class> <!-- com.dataprovider.DataProviderTest -->
    </test> <!-- Default test -->
  </suite> <!-- Default suite -->
</testng-results>
